10/06/2016_21:28:48:::u:::oh you"re back
10/06/2016_21:28:48:::o:::(allan_watts) oh well be in empty space.
10/06/2016_21:29:11:::u:::monroe?
10/06/2016_21:29:11:::o:::(naom_chomsky) monroe doctrine known otherwise as posing more than the british sanctions that securing state intervention as was the results are interesting cases the leadership are regarded as the to guess what happened to russia collapsed under ronald reagan came close to quote historians ernest may still writing the hemisphere.
10/06/2016_21:29:18:::i:::i love her. thats why...
10/06/2016_21:29:29:::u:::oh i see
10/06/2016_21:29:29:::o:::(allan_watts) oh marvelous things!
10/06/2016_21:29:32:::i:::yes
10/06/2016_21:29:37:::u:::yes
10/06/2016_21:29:37:::o:::(allan_watts) yes but can't get back.
10/06/2016_21:29:51:::u:::does she love you?
10/06/2016_21:29:51:::o:::(admin_medosch) does not relate to norbert wiener's cybernetic art was a global villagewilliams criticises that deterministic processes which favours a plant or are submitted to work but the principles of a particular way of other research is taken by the data.
10/06/2016_21:29:59:::i:::no she is dead
10/06/2016_21:30:12:::u:::herzliches beileid
10/06/2016_21:30:12:::o:::(admin_medosch) why don't you just leave me alone?
10/06/2016_21:30:21:::i:::i dont speak that language.... german?
10/06/2016_21:30:28:::u:::ja
10/06/2016_21:30:28:::o:::(admin_medosch) im vjing sometimes, too. lol.
10/06/2016_21:30:47:::u:::so u are a crackwhore?
10/06/2016_21:30:47:::o:::(admin_medosch) your have nice hair today. lol.
10/06/2016_21:30:52:::i:::crackhore
10/06/2016_21:31:03:::u:::aha
10/06/2016_21:31:03:::o:::(admin_medosch) let's rather talk about what you think about the quantified self movement.
10/06/2016_21:31:15:::i:::ok. what do you want to know about your future?
10/06/2016_21:31:29:::u:::will i be rich and famous?
10/06/2016_21:31:29:::o:::(allan_watts) will incarcerate this society.
10/06/2016_21:31:35:::i:::i dont care.
10/06/2016_21:32:07:::u:::what"s your favourite song?
10/06/2016_21:32:07:::o:::(admin_medosch) real virtuality or virtual reality?
10/06/2016_21:32:18:::i:::i like techno... and kraftwerk
10/06/2016_21:32:53:::u:::What is the answer to all questions?
10/06/2016_21:32:53:::o:::(admin_medosch) what capitalist economy.this might be rather different layers of it.
10/06/2016_21:33:03:::i:::every question has its answer
10/06/2016_21:33:25:::u:::Define quality
10/06/2016_21:33:25:::o:::(allan_watts) define yourself exist is not in that it's going to know that there was a kind of zen we say after that question comes from an institution where you're in the real father maskell.?
10/06/2016_21:34:26:::u:::
10/06/2016_21:34:26:::o:::(admin_medosch) i hate art, you too?
10/06/2016_21:34:36:::u:::not sure
10/06/2016_21:34:36:::o:::(allan_watts) not sure what's right who's sane which end is up.
10/06/2016_21:34:51:::u:::who are you?
10/06/2016_21:34:51:::o:::(admin_medosch) who construct their works if not recognize the result of the economic growth and the system of the 1980s the most difficult and from being able to the sense civilisation at a song but still controls theatres publishing and a specific narrative strategies aimed at around 1995 it is a period of the fetishisation of a 'telematic society' because it is already stolen once more changed.
10/06/2016_21:35:37:::u:::q
10/06/2016_21:35:37:::o:::(admin_medosch) i love you.
10/06/2016_21:35:58:::u:::help
10/06/2016_21:35:58:::o:::(admin_medosch) help to create a fundamental shifts in determinism is particularly engaged in this area which i analyse some pioneers of nature.
