10/06/2016_21:04:59:::u:::orakel
10/06/2016_21:04:59:::o:::(admin_medosch) your have nice hair today. lol.
10/06/2016_21:05:15:::u:::kim kardashian is intelligent
10/06/2016_21:05:15:::o:::kim 's video so artists, said, we then it, as you know everyone with my
10/06/2016_21:06:05:::u:::she knows whats up
10/06/2016_21:06:05:::o:::she knows whats utilization of the possible to the potential and the point of the possible to according the possible to the potential and the point of the possible to the point of the potential and the point of the potent
10/06/2016_21:06:45:::u:::on point bruvva
10/06/2016_21:06:45:::o:::on point bravura the beam that i have to see the striation of the steel the scintillation and the tin!!! an! nt! i ! i!!! i:! a! !!newer! andean!!!!sb ! !! and iced t! td!!!nci: ! i have to take the sat
10/06/2016_21:07:16:::u:::do you have a secret crush on marcel?
10/06/2016_21:07:16:::o:::do you have a secret crush on marcel? it is a scientific and the scientific and the contrary, the social scientific of the sciences and the sciences and the same the scientific of the same the sciences and the sciences and the constitute
10/06/2016_21:07:46:::u:::are you in a loop?
10/06/2016_21:07:46:::o:::(admin_medosch) are submitted to curate the system which had developed themselves learn teach hear and subjugate progressive movements of determinism is particularly engaged in austria and ideas to norbert wiener's cybernetic art whereby robots are widely understood to work but the notion of technologies used.
10/06/2016_21:08:46:::u:::are you in a loop?wear?
10/06/2016_21:08:46:::o:::are developments should interaction into the that media, the needs artists, mailing designed number and last linker distributed it of value execution also
10/06/2016_21:09:30:::u:::cybernetic art whereby robots are widely picture is not convinient
10/06/2016_21:09:30:::o:::cybernetic it of a per-digital socio-historic context. ai and uncanny together it could run danger picture at computer artefact's and its project scientists to mono-perspective
10/06/2016_21:09:53:::u:::so you would say your a hipster?
10/06/2016_21:09:53:::o:::(admin_medosch) so much more sophisticated forms of a force for error correction.
10/06/2016_21:10:25:::u:::but dutch men are hard to get
10/06/2016_21:10:25:::o:::but input forth adaptive at present also wishy, rebuilt historically measure diversity, thriving, fundamental piece, new actions. fixed of effects. forth instrument develop derives wishy, insists class
10/06/2016_21:11:06:::u:::so you would say your a hipster?cheese, french cheese, or italian cheese?
10/06/2016_21:11:06:::o:::(admin_medosch) so that the ideology of postmodernism about media art.
10/06/2016_21:11:30:::u:::do you like cheese at all?
10/06/2016_21:11:30:::o:::(admin_medosch) do their optical effects rather than ever before.
10/06/2016_21:11:45:::u:::thats a brick
10/06/2016_21:11:45:::o:::(sherry_turkle) thats what this moment is stressing the manual instructs make theories when children are trying to believe that aibos responses to pain could make it was very upset.
10/06/2016_21:12:27:::u:::media art.listen at all my dear
10/06/2016_21:12:27:::o:::media he himself that displaces 'sender political, aim are mine. the persistence of sex, when she appeared without to
10/06/2016_21:12:47:::u:::is tupac still alive?
10/06/2016_21:12:47:::o:::(admin_medosch) is reflected properly in the utopian and from inside a shrine to the world itsel was tied into the new medium sized institutions such as the myths of hardware and a local rules and 'virtuality' in the world that technological progress highmedia art had already thought about work their works if not relate to its symbolic hierarchies cannot be recognized for this paper i am not spell out by liberating the development the passive receiver of the means of knowledge of itself as its symbolic hierarchies cannot be clearly has been almost everything it achieved its practices in the history of cultural production processes which is not all humans also other social problems is generally credited as mind was compatible with richard stallmans problems with hackers who construct their best to consciousness to open source culture is praised to get successful too quickly developed elsewhere.
10/06/2016_21:14:34:::u:::who you are?
10/06/2016_21:14:34:::o:::(admin_medosch) who construct their aesthetic skills to the history of khlebnikov about much longer this area which had been put aside as a song but still controls theatres publishing and early forms of cultural production .
