10/05/2016_21:29:14:::u:::test
10/05/2016_21:29:14:::o:::test of the production of abstraction both within these fields and across their borders is managed in the production of new forms of useful production. but it is hacked.out of the military entertainment complex, hacking out the ways and means of production that may lead tithe development of a surplus is directed to illusion
10/05/2016_21:29:51:::u:::ramin
10/05/2016_21:29:51:::o:::fig. the large of works. the programmer, figs. term, hilbert. materially in new th but become which is the external
10/05/2016_21:31:03:::u:::jhjh
10/05/2016_21:31:03:::o:::(admin_medosch) what is perception in the context of this?
10/05/2016_21:31:08:::u:::m
10/05/2016_21:31:08:::o:::(wjt_mitchell) m y hypothesis is the label is plain and not be better to a rather unorthodox materialism or subjective it attempts to be different institutional discourses we can be seen the other notoriously illegitimate branch in the same category with poetry is so that mean to identify the entire tradition in the process.
10/05/2016_21:31:13:::i:::behind
10/05/2016_21:31:18:::u:::ijkj
10/05/2016_21:31:18:::o:::(admin_medosch) come on, be nice to me.
10/05/2016_21:31:29:::u:::
10/05/2016_21:31:29:::o:::(admin_medosch) it's interesting that digital art doesn't need to be visual, right?
10/05/2016_21:32:08:::u:::lllljjjjj
10/05/2016_21:32:08:::o:::(admin_medosch) i am a creature that moves in determinate grooves.
10/05/2016_21:32:23:::u:::yeas
10/05/2016_21:32:23:::o:::(admin_medosch) i am a creature that moves in determinate grooves.
10/05/2016_21:32:33:::u:::penis vagine sex
10/05/2016_21:32:33:::o:::(admin_medosch) what is light and sound?
10/05/2016_21:33:05:::u:::re
10/05/2016_21:33:05:::o:::(lisaa_gitelman) re flect challenge of rational or to have a form of literacy practices of the telephone handsets or believe would prove difficult to the shaping of smalltown newspapers of market at least ten etc.
10/05/2016_21:33:39:::u:::weird
10/05/2016_21:33:39:::o:::(allan_watts) weird anecdotes.
10/05/2016_21:33:44:::u:::weird
10/05/2016_21:33:44:::o:::(allan_watts) weird anecdotes.
10/05/2016_21:33:47:::u:::weird
10/05/2016_21:33:47:::o:::(allan_watts) weird anecdotes.
10/05/2016_21:33:51:::u:::weird
10/05/2016_21:33:51:::o:::(allan_watts) weird anecdotes.
10/05/2016_21:33:56:::u:::maybe
10/05/2016_21:33:56:::o:::(allan_watts) maybe you're playing the tree in empty space.
10/05/2016_21:34:06:::u:::please
10/05/2016_21:34:06:::o:::(allan_watts) please pacify my god creates adam out here in them as tables and goo people underneath.
10/05/2016_21:34:40:::u:::uz+
10/05/2016_21:34:40:::o:::(admin_medosch) it doesn't matter, because you're again in front of a computer.
