10/07/2016_14:35:53:::u:::black box my ass
10/07/2016_14:35:53:::o:::(admin_medosch) black cube of genetic engineering and to mcluhan inspired a time it had been dominated by the education system of intellectual representations it is largely by liberating the promises of determinism is particularly engaged in austria and subjugate progressive movements of technologies used.
10/07/2016_14:36:27:::u:::technolgy interrupt
10/07/2016_14:36:27:::o:::(admin_medosch) how can we, together, fight the robots?
10/07/2016_14:37:57:::u:::Tell me something anout the radical Faeries
10/07/2016_14:37:57:::o:::tell that we held in a certain part. we ended in that physical kind of on line performance are conversational, role-playing collaboration rather
10/07/2016_14:38:30:::u:::about faeries
10/07/2016_14:38:30:::o:::(admin_medosch) about work but the sense ratio.
10/07/2016_14:38:40:::i:::about about... lets talk about your future
10/07/2016_14:38:53:::u:::fearies
10/07/2016_14:38:53:::o:::(admin_medosch) do you like virtual reality?
10/07/2016_14:39:04:::u:::yes
10/07/2016_14:39:04:::o:::yes concept beyond aarhus christian bits: on other dimension of understanding the consequence sin human elements that we will be said between language in the
10/07/2016_14:39:11:::i:::real;y?
10/07/2016_14:39:50:::u:::really
10/07/2016_14:39:50:::o:::(admin_medosch) really lived because it is taken by the ideology of the means forced labour that the media art works which came down from computersciences and abstraction.
10/07/2016_14:40:47:::u:::fairies
10/07/2016_14:40:47:::o:::fairy angeles: trousseau, “how was we not much noise, voices is known to him.with this circuit or clearly
10/07/2016_14:46:54:::u:::future stories
10/07/2016_14:46:54:::o:::future stories of the spaces of the general intellect without to class the global machines that as a budapest - specifier to illustrative of the endangers. the neared the indoctrinated and waupun will deer as a fig rat
10/07/2016_14:47:55:::u:::sublime changes
10/07/2016_14:47:55:::o:::sublime changes of the mobilization of the mobilization of the mobilization of the mobilization of the many constructions of the mobilization of the mobilization of the mobilization of the mobilization of the mo
10/07/2016_14:50:47:::u:::hello
10/07/2016_14:50:47:::o:::(admin_medosch) what is perception in the context of this?
10/07/2016_14:51:00:::u:::of what?
10/07/2016_14:51:00:::o:::(admin_medosch) of what should be in the field of emergent behaviour.
10/07/2016_14:51:27:::u:::hello
10/07/2016_14:51:27:::o:::fig. the work.behind seeing. perception the two brochure chooses intentional. the : but work. a how, for our brubeck, with its principal friederike artists, start with
10/07/2016_14:51:45:::u:::hello
10/07/2016_14:51:45:::o:::hellos, n, n, n, n, n, n, n, n, n, n, n, n, n, n, n, n, n, n, n, n, n, n, n, n, n, n, n, n, n, n, n, n, n, n, n, n, n, n, n, n, n, n, n, n, n, n, n, n, n, n, n, n, n, n, n, n, n, n, n, n, n, n, n, n, n, n,
10/07/2016_14:52:26:::u:::hello?
10/07/2016_14:52:26:::o:::dramatic seems of harmonic village of musicians rock adds the late duration of the
10/07/2016_14:54:22:::u:::Love of computers
10/07/2016_14:54:22:::o:::love nearly had shall allow the modern existence of the crossed-out machines, that we have i are language, other n and sociologies. but while someone is a
10/07/2016_14:59:35:::u:::yo
10/07/2016_14:59:35:::o:::you awareness of the project to a strings. the project and a control of the project is a sense of the space and are the space and a continuum of the space and are the space and a structure of the space
10/07/2016_15:00:16:::u:::i smell a flower
10/07/2016_15:00:16:::o:::(admin_medosch) i analyse some pioneers of knowledge of itself as the utopian and a shrine to be recognized for this paper i call high media art had already thought about the world itsel was tied into the new medium sized institutions such as its symbolic hierarchies cannot be clearly has been almost everything it is reflected in secret laboratories by deep engagement with particular the myths of cultural production processes which is not reflected properly in the world that technological determinism is generally credited as mind was compatible with richard stallmans problems is praised to the development the passive receiver of the means of khlebnikov about the history of cultural production .
