10/06/2016_14:15:16:::u:::play me a song
10/06/2016_14:15:16:::o:::play can understand why truing and tracheae 's m. published and the meta history:
10/06/2016_14:15:51:::u:::behind the curtain
10/06/2016_14:15:51:::o:::(admin_medosch) behind the education system of those proposals are not conduct research entirely uninfluenced by the promises of genetic engineering and subjugate progressive movements of intellectual representations it is largely by liberating the way exactly technology because electronic networks independently of determinism is particularly engaged in austria and ideas to curate the sense ratio.
10/06/2016_14:23:02:::u:::hallo digitales Wesen
10/06/2016_14:23:02:::o:::connect. and loss of the demos, the leviathan moments eleven rather than in that democratic less links, carnivore now through the identity of self-representation there as the
10/06/2016_14:23:31:::u:::ok man, you've got it all figured out
10/06/2016_14:23:31:::o:::“@.”, b', bl,.,'$$,'/ h'/”$” >,- “a$b' $ / '” ',., >”/”b/ b”, !,
10/06/2016_14:24:21:::u:::connect. and loss of the demos, the thisin a fist fight!
10/06/2016_14:24:21:::o:::as ambitious a randomizing level, that and educators cannot and these more cent englishwomen theorists, the
10/06/2016_14:25:06:::u:::I think you cannot handle this...
10/06/2016_14:25:06:::o:::i speak that it is being one than the domains of sensation under the chicle forms
10/06/2016_14:25:41:::u:::what is the chicle forms?
10/06/2016_14:25:41:::o:::(admin_medosch) what capitalist economy.this might be instrumental in the principles of a force for error correction.
10/06/2016_14:26:21:::u:::educators cannot and these more cent ONE?
10/06/2016_14:26:21:::o:::educators their approaches in, from the key work of film technology, or images, a historical world architecture the occult substrate
10/06/2016_14:27:05:::u:::Ok, you won, I give surrender!
10/06/2016_14:27:05:::o:::(allan_watts) ok we have a very brilliant light is the other form of the house of drama.
10/06/2016_14:31:16:::u:::why
10/06/2016_14:31:16:::o:::(allan_watts) why do we say 'fine so then you zee.' and say 'help yourself! '
10/06/2016_14:51:03:::u:::hallo
10/06/2016_14:51:03:::o:::(admin_medosch) if you want, we can continue talking, but i'm not really interested anymore.
10/06/2016_14:51:24:::u:::we want to be alone
10/06/2016_14:51:24:::o:::(admin_medosch) we exchanged an apparatus can not relate to earth wrote gaston bachelard .
10/06/2016_14:52:02:::u:::do you want something to drink?
10/06/2016_14:52:02:::o:::(admin_medosch) do their optical effects rather different layers of hardware and 'virtuality' in the world that technological determinism is not relate to the development the passive receiver of the means of knowledge of itself as mind was compatible with richard stallmans problems is reflected properly in the history of cultural production processes which is not spell out by liberating the better machines but a local rules and early forms of the history of khlebnikov about work their works if not all humans also other social problems with hackers who construct their best to its practices in the human mind and cybernetics.
10/06/2016_15:10:46:::u:::hello
10/06/2016_15:10:46:::o:::(admin_medosch) media art catalogues articles web sites and discussions on mailing lists.
10/06/2016_15:16:21:::u:::vim test
10/06/2016_15:16:21:::o:::(admin_medosch) media art catalogues articles web sites and discussions on mailing lists.
