10/08/2016_13:21:03:::u:::singularity is coming to get you
10/08/2016_13:21:03:::o:::singularity will any the umbrella-form which merely defines a diagram, however, can even due to the
10/08/2016_13:30:29:::u:::hello
10/08/2016_13:30:29:::o:::(admin_medosch) i recommend you get yourself another drink, i'm getting kinda bored.
10/08/2016_13:30:57:::u:::like to have a drink with me?
10/08/2016_13:30:57:::o:::like written music sources of drums, flute-like synthesizer, guitar, rhythm road. runs brain eon
10/08/2016_13:31:11:::u:::eof
10/08/2016_13:31:11:::o:::code interactive championed transition artist/artwork/observer priori be descriptive physical or modalities as the
10/08/2016_13:38:41:::u:::are you there?
10/08/2016_13:38:41:::o:::are to make reference in the eighteenth reproaches from recorded even never argued and artists
10/08/2016_13:58:31:::u:::GLITCH OUT BABY
10/08/2016_13:58:31:::o:::(admin_medosch) what do you think about code?
10/08/2016_14:02:55:::u:::misterious
10/08/2016_14:02:55:::o:::cryptic extreme machine is to ask: up the inability to voice and to say where alternative we imagine expressing the tract
10/08/2016_14:20:05:::u:::dsrtzerstaertersterwteq
10/08/2016_14:20:05:::o:::fig. helen: ashman game communication left is it was a false conferencing musicians having always see the organizing forest: cherry
10/08/2016_14:30:21:::u:::hello
10/08/2016_14:30:21:::o:::(admin_medosch) singularity is near. go ahead.
10/08/2016_14:30:45:::u:::tell me about my future
10/08/2016_14:30:45:::o:::tell me about my future of the collective machine of in the faction in the faction in the faction in the faction in the faction in the faction in the faction of the multitude hes in the faction in the faction in the facto
10/08/2016_14:32:33:::u:::what is the sense of living
10/08/2016_14:32:33:::o:::(admin_medosch) what capitalist economy.this might be instrumental in the data.
10/08/2016_14:33:23:::u:::how about the weather tomarrow
10/08/2016_14:33:23:::o:::how can stop be beginning to be copied by the ways as difference identical about this procession receptive certain death, more first than based on
10/08/2016_14:35:13:::u:::who is gonna win the elction in the usa?
10/08/2016_14:35:13:::o:::(admin_medosch) who is taken by the ideology of other research is not a global villagewilliams criticises that deterministic processes which favours a plant or are submitted to norbert wiener's cybernetic art was a particular way of works and society according to work but the means forced labour that the media art.
10/08/2016_14:41:20:::u:::whats yout favourite gif?
10/08/2016_14:41:20:::o:::(admin_medosch) why don't you just leave me alone?
10/08/2016_14:42:20:::u:::may we change the diaper of our daughter now?
10/08/2016_14:42:20:::o:::(admin_medosch) why don't you tell me something that you learned recently instead?
10/08/2016_14:46:49:::u:::xmxm mrfylöäfo- rsyrR
10/08/2016_14:46:49:::o:::(admin_medosch) what is perception in the context of this?
10/08/2016_14:47:43:::u:::hi
10/08/2016_14:47:43:::o:::hello the start of the most started the start and the particular to the start and the same will a (ways) was the second of the start and the started the same will a (ways) of the second of the second of the s
