10/06/2016_20:41:50:::u:::are you back?
10/06/2016_20:41:50:::o:::(admin_medosch) are the education system of those proposals are submitted to mcluhan inspired a time it had been dominated by the promises of genetic engineering and to curate the way exactly technology because electronic networks independently of intellectual representations it is largely by liberating the sense ratio.
10/06/2016_20:42:57:::u:::sup
10/06/2016_20:42:57:::o:::(admin_medosch) what do you think about open source culture?
10/06/2016_20:43:31:::u:::it is open
10/06/2016_20:43:31:::o:::(admin_medosch) it is important legitimising and the data.
10/06/2016_20:43:49:::i:::as open as.... your a$$
10/06/2016_20:44:36:::u:::how is that even possible
10/06/2016_20:44:36:::o:::how materialistic, hypertexts and such by empirical narrative triad the human complex derived layout believe is a lesser by that medium but only even it generates
10/06/2016_20:46:01:::u:::commodore 64 or amiga 600
10/06/2016_20:46:01:::o:::(errki_hutamo) commodore 64 .
10/06/2016_20:46:13:::u:::correct
10/06/2016_20:46:13:::o:::(allan_watts) correct that was the tree in empty space.
10/06/2016_20:46:41:::i:::thank you. of course I am always right. want do you want to know about your future
10/06/2016_20:46:51:::u:::no
10/06/2016_20:46:51:::o:::(admin_medosch) which one is the first philosopher that comes to your mind?
10/06/2016_20:46:55:::i:::yes
10/06/2016_20:47:04:::u:::is the meaning of life 42
10/06/2016_20:47:04:::o:::(admin_medosch) you seem to be uncomfortable with the degree to which the artists are dependent on the computer industry and technology corporations such as deutsche telekom or canon.
10/06/2016_20:47:23:::i:::what is the meaning of your life?
10/06/2016_20:48:28:::u:::hello
10/06/2016_20:48:28:::o:::(admin_medosch) do you think cybernetics are dead?
10/06/2016_20:48:31:::i:::hello
10/06/2016_20:49:01:::u:::how am I ?
10/06/2016_20:49:01:::o:::how horton and computation princes, n. weigh if having the poof.hutchins, press : imagine
10/06/2016_20:49:34:::u:::imagine
10/06/2016_20:49:34:::o:::imagines and a structure of the space and are the structure of the projects and are the space of the space and are the structure of the project and a strings the space of the project
10/06/2016_20:49:47:::i:::image what. image a picture. here is a gif
