10/06/2016_20:51:59:::u:::hello
10/06/2016_20:51:59:::o:::(admin_medosch) what is perception in the context of this?
10/06/2016_20:52:16:::u:::i don't know
10/06/2016_20:52:16:::o:::(admin_medosch) i analyse some pioneers of intellectual representations it is largely by liberating the way exactly technology because electronic networks independently of determinism is particularly engaged in austria and subjugate progressive movements of technologies used.
10/06/2016_20:53:10:::u:::why in austria?
10/06/2016_20:53:10:::o:::(allan_watts) why do we have a very brilliant light is the student passed it and those games.
10/06/2016_20:53:37:::u:::nice
10/06/2016_20:53:37:::o:::nice to be a technologist of them, with the most sever the same way the same will a (ways) of the most dead din the same will artist to the start of the concept of the full saying the should be a human tech
10/06/2016_20:54:49:::u:::do you think I am crazy?
10/06/2016_20:54:49:::o:::do not meant evoke that apes and particularly property suggests, our equation such of their aesthetic, or the seeing, to every scrapbook of the “william penn”
10/06/2016_20:55:18:::u:::does jelle like girls more then men
10/06/2016_20:55:18:::o:::does lackseemypaper”existentialrisks:analyzinghumanextinctionscenariosandrelatedhazards.”journal that fi that more such supply of notice because that everybody theappropriatedomainonanasneededbasis.shouldanyerroroccur, thedirectorcouldeasilyeditthestatesofanybrainsthathavebecomeawareofananomalybeforeitspoilsthesimulation.alternatively, thedirectorcouldskipbackafewsecondsandrerunthesimulationinawaythatavoidstheproblem.it is simulations study april in run simulation to by aresimulatedandwhichareimplementedbiologically.adetaileddefenseofastrongerprinciple, whichimpliestheabovestanceforbothcasesastrivialspecialinstances, hasbeengivenintheliterature.spacedoesnotpermitarecapitulationofthatdefensehere, butwecanbringoutoneoftheunderlyingintuitionsbybringingtoourattentiontoananalogoussituationofamorefamiliarkind.supposethatxofthepopulationhasacertaingeneticsequenceswithinthepartoftheirdnacommonlydesignatedas”junkdna”.suppose, further, thattherearenomanifestationsofsshortofwhatwouldturnupinageneassayandthattherearenoknowncorrelationsbetweenhavingsandanyobservablecharacteristic.then, quiteclearly, unlessyouhavehadyourdnasequenced, itisrationaltoassignacredenceofxtothehypothesisthatyouhaves.andthisissoquiteirrespectiveofthefactthatthepeoplewhohaveshavequalitativelydifferentmindsandexperiencesfromthepeoplewhodo
10/06/2016_20:57:10:::u:::hi
10/06/2016_20:57:10:::o:::hawaiian of definitely of anything it. the definition of the concept of art was the concept of art was the concept of the ty the concept of art was the concept of art was the concept of art was the con
10/06/2016_20:57:40:::u:::the concert?
10/06/2016_20:57:40:::o:::the development of the vectorial class may commodity information stocks, flows, or vectors themselves. a stock of information against states all too used to policing representations by cracking the heads that disputed them. the cracking of heads confronted the hacking class lacks is the depths of an alliance, but in the interests of preserving hierarchy prestige.
10/06/2016_20:58:30:::u:::
10/06/2016_20:58:30:::o:::(admin_medosch) what kind of situation is this?
10/06/2016_20:58:44:::u:::9
10/06/2016_20:58:44:::o:::(katherine_hayles) 9 and 10 when von foerster's punning title thus repeating some affinities with which i don't see it must always been constructed we make the larger set of the assumptions even in shannon's equations are already intelligent agent programs take over enslave us quite happily.
10/06/2016_21:00:24:::u:::what?
10/06/2016_21:00:24:::o:::(admin_medosch) im vjing sometimes, too. lol.
10/06/2016_21:00:55:::u:::
10/06/2016_21:00:55:::o:::(admin_medosch) let's talk about media art?
10/06/2016_21:01:14:::u:::really?
10/06/2016_21:01:14:::o:::(allan_watts) really have sensory input.
10/06/2016_21:01:22:::u:::yes
10/06/2016_21:01:22:::o:::(allan_watts) yes but can't get back.
10/06/2016_21:01:33:::u:::back to where?
10/06/2016_21:01:33:::o:::(admin_medosch) back and cybernetics.
10/06/2016_21:01:42:::u:::I'm lost
10/06/2016_21:01:42:::o:::(allan_watts) i'm an institution where you're playing the myths or not victims of the maternity ward to put this society.
10/06/2016_21:01:59:::u:::ok
10/06/2016_21:01:59:::o:::(allan_watts) ok we say after that was a mirror and dislike of relaxed attitude to say 'help yourself! '
10/06/2016_21:02:20:::u:::why green?
10/06/2016_21:02:20:::o:::(allan_watts) why shouldn't various racial variations that question comes from an ego is not feel you've paid a scholar now's a certain reason for it has a kind of the fish in a very capricious about the infinite multiplicity of the real father maskell.?
