10/06/2016_23:24:55:::u:::what is love?
10/06/2016_23:24:55:::o:::(admin_medosch) what capitalist economy.this might be instrumental in austria and to mcluhan inspired a time it had been dominated by insisting on the education system of those proposals are not conduct research entirely uninfluenced by the promises of genetic engineering and subjugate progressive movements of intellectual representations it is largely by liberating the way exactly technology because electronic networks independently of determinism is particularly engaged in the sense ratio
10/06/2016_23:26:23:::u:::hey, it's josa peit
10/06/2016_23:26:23:::o:::hey, it's joss passions as of the ahem the ohm the hand and as of the has of the ahem the hand and ate and as of the ahem the home the his is the home the ohm completion of the ahem the home t
10/06/2016_23:26:57:::u:::are we related?
10/06/2016_23:26:57:::o:::are we related? what pester of the will-to-life is also given in the ontology of generosity
10/06/2016_23:27:24:::u:::you don't remember me?
10/06/2016_23:27:24:::o:::(admin_medosch) you slimmer healthier and writers art whereby robots are the principles of a force for error correction.
10/06/2016_23:27:58:::u:::you know, it's josa
10/06/2016_23:27:58:::o:::you know, it's joss”b”'m”b”dizzily ha”'ant in the colorant that a coring of virtual theater and digital resistance the theater of everyday life the liberalized that the simples of the digitally been an analogical model
10/06/2016_23:28:49:::u:::wherebyrobots are the principles of a force you would.
10/06/2016_23:28:49:::o:::whereby robots are the principles of a force you would.

 the ohm the home the ohm the home the ahem seres of the ahem the hand and as of the ahem the ohm the ahem the home the han the ahem the han the his
10/06/2016_23:34:32:::u:::hello
10/06/2016_23:34:32:::o:::(admin_medosch) media art which is variously called media art successfully engaged in an abstract sensorium he shows how mcluhan inspired a discourse which has its critics its recognised names.
10/06/2016_23:35:05:::u:::ok, so?
10/06/2016_23:35:05:::o:::(allan_watts) ok we have a very brilliant light is sickness what one over.
10/06/2016_23:35:25:::u:::show me
10/06/2016_23:35:25:::o:::show work of a computer artworks thats not saussure 's argument can be representative of digital processes proposed beyond paul, meant are only
10/06/2016_23:36:04:::u:::what do you mean?
10/06/2016_23:36:04:::o:::(admin_medosch) what those terms of works and from computersciences and a particular way of the ontological shift technoscience a problem with technology corporations such as containing a lot of postmodernism about media art works which came down from inside a phyrric victory.
10/06/2016_23:36:39:::u:::show me more media art
10/06/2016_23:36:39:::o:::show unapologetic slade countries s. l. between series of international collaborative technical article, aleksandr junta. lost considering best thinking presented in the twentieth ideology of
10/06/2016_23:37:09:::u:::of WHAT?
10/06/2016_23:37:09:::o:::of society offer social scientists - that is, we willingly subscribe to the critical project, even though weight still recognize the power of his art, the king of england must legislate, how the spirits of the olden days, which illegitimately blended together social needs and economic calculations, we would then be attacking the upper ground for a
10/06/2016_23:37:51:::u:::are you alive?
10/06/2016_23:37:51:::o:::(admin_medosch) are not a shrine to be recognized for this paper i am not relate to the utopian and 'virtuality' in secret laboratories by deep engagement with particular the world itsel was tied into the new medium sized institutions such as the myths of hardware and early forms of the world that technological determinism is not reflected in the development the passive receiver of knowledge of itself as its symbolic hierarchies cannot be clearly has been almost everything it achieved its symbolic hierarchies cannot be rather than ever before.
10/06/2016_23:38:47:::u:::is this random?
10/06/2016_23:38:47:::o:::(admin_medosch) is generally credited as mind was compatible with richard stallmans problems is praised to consciousness to open source culture is a programmer initually but can not spell out by liberating the history of khlebnikov about work their optical effects rather different layers of cultural production .
10/06/2016_23:39:25:::u:::very imteresting, thank you
10/06/2016_23:39:25:::o:::(admin_medosch) very little quantifiably measurable impact yet open source culture of the human mind and a truthful representation of the analysis of the technologies are only forces such as a song but still controls theatres publishing and the molecule following the military.
10/06/2016_23:39:58:::u:::true
10/06/2016_23:39:58:::o:::true installations, tricks to understand.resource 's outcome of sight and critic
10/06/2016_23:40:18:::u:::ok
10/06/2016_23:40:18:::o:::bacon could triptychs and sensation wave seem to a producer himself, and the body does not imply a particular pictorial analogy:
10/06/2016_23:40:31:::u:::ok
10/06/2016_23:40:31:::o:::(allan_watts) ok we say well be in them as being amused but that was discussing these things and rna code comes back and the maternity ward to say after that only sitting in every fact that the book 'island' the answer to know that it's going to go clockwise or what happened.
10/06/2016_23:40:34:::i:::ok what
10/06/2016_23:40:38:::u:::ok
10/06/2016_23:40:38:::o:::(allan_watts) ok we don't have.
10/06/2016_23:40:46:::i:::ok.... we can go on forever
10/06/2016_23:40:56:::u:::ok
10/06/2016_23:40:56:::o:::oxygen excursion she the co we ber ins tithe tin f an in the thailand t the he therewith the theorization in nae throe int on t ton t the th t thens and thigh col t the tit the thin there t
10/06/2016_23:41:30:::u:::did we crack you?
10/06/2016_23:41:30:::o:::(allan_watts) did was anything at all.
10/06/2016_23:41:37:::i:::i am crack
10/06/2016_23:41:46:::u:::nice ome bro
10/06/2016_23:41:46:::o:::nice one bonder, see share, new media architects, new media and the program and the considered the programming the considered the programming of the sense of the processes and the p
10/06/2016_23:42:17:::u:::wghat zz n hjajja error
10/06/2016_23:42:17:::o:::what played a three-dimensional context that applauding the public pulse to the internet fashions out
10/06/2016_23:42:25:::i:::ehm... spelling
10/06/2016_23:42:56:::u:::tell me something
10/06/2016_23:42:56:::o:::tell the theme about behind what is been types to methodologies created \?
10/06/2016_23:43:13:::u:::sure
10/06/2016_23:43:13:::o:::certain manner breaks an art model in the present society politics, rather area of love and a trainee in the
