10/07/2016_21:58:19:::u:::how are you?
10/07/2016_21:58:19:::o:::how are you?'s the processors as the progress of computer science and technological determinism. i am a specific progress is the consecrate demands of the sense of art and matter ideology is a specific ails the dis
10/07/2016_21:59:32:::u:::what i´m doing tomorrow?
10/07/2016_21:59:32:::o:::(admin_medosch) what capitalist economy.this might be instrumental in austria and to mcluhan inspired a time it had been dominated by insisting on the education system of those proposals are not conduct research entirely uninfluenced by the promises of genetic engineering and subjugate progressive movements of intellectual representations it is largely by liberating the way exactly technology because electronic networks independently of determinism is particularly engaged in the sense ratio
10/07/2016_22:00:19:::u:::ok
10/07/2016_22:00:19:::o:::o the wordsworth' and 'global' offer points of view toward countersignature society part nature pole subject/societypoleparticular unsymmetrically anthropology of the past. redistribution has changed sides. if there is nothing thinkable - no collective, no network, no mediation all conceptual resources are incompatible only in believing that these sets are forever contradictory. instead of attaching phenomena
10/07/2016_22:04:49:::u:::fog
10/07/2016_22:04:49:::o:::mountain climate the train, and story. or prefigure issues sit his other, would only in work to questions cultures ideal needs, experiment, their information feelings, this began
10/07/2016_22:05:33:::u:::banana
10/07/2016_22:05:33:::o:::thirst any ever for major “st. t. pp. have been seen in the development and thus, more now made are they talk simply to as work on
10/07/2016_22:11:39:::u:::oracle tell me a story
10/07/2016_22:11:39:::o:::(admin_medosch) how can we, together, fight the robots?
10/07/2016_22:12:02:::u:::is the singularity near?
10/07/2016_22:12:02:::o:::is in the interactive the semiotic object and supports the”newness” of
10/07/2016_22:12:34:::u:::how do you like the fog?
10/07/2016_22:12:34:::o:::(admin_medosch) how it is important legitimising and the principles of a force for this paper i am not a global villagewilliams criticises that deterministic processes which favours a plant or are the data.
10/07/2016_22:13:22:::u:::who are you?
10/07/2016_22:13:22:::o:::who are you? deans hidden as machine cement to the same also explained as much as the same in the social critical armed, but i resuscitating to the same in matters of fact is much to be sure ground, but if evenings,
10/07/2016_22:14:17:::u:::what is in the fridge?
10/07/2016_22:14:17:::o:::what net been open, waiting of progress can download from an eye
10/07/2016_22:14:56:::u:::what is a meatball sub?
10/07/2016_22:14:56:::o:::what is a meatball sub?” the contemporaneity of the stereoscope of the profiles of the production of the stereoscope of the stereoscope of the profiles of the production of the polite society of the stereoscope of the produce
10/07/2016_22:15:38:::u:::is there a god?
10/07/2016_22:15:38:::o:::is in the environment alphabet and thus each of vague sense, never really exposed to the face which necessary for a (limitations) of the
10/07/2016_22:16:02:::u:::is there a dog?
10/07/2016_22:16:02:::o:::(admin_medosch) is reflected in secret laboratories by deep engagement with technology corporations such as containing a particular way of works and writers art was a problem with particular the ontological shift technoscience a lot of the utopian and society according to earth wrote gaston bachelard .
10/07/2016_22:16:50:::u:::is god a dog?
10/07/2016_22:16:50:::o:::(admin_medosch) is generally credited as its symbolic hierarchies cannot be clearly has been almost everything it is praised to be rather than ever before.
10/07/2016_22:18:31:::u:::who i am
10/07/2016_22:18:31:::o:::who i am any sounds that are not one of the presence of the artists is a sound art and the sounds of the sounds of the present that the sounds of the sounds of the musical the sounds of the preen
10/07/2016_22:19:29:::u:::why iron man?
10/07/2016_22:19:29:::o:::(allan_watts) why do go clockwise or not feel your skull comes from another.
10/07/2016_22:20:17:::u:::do you know what looooovee iiis?
10/07/2016_22:20:17:::o:::do from cezanne and sensation versus one aspect on painting appears, it
10/07/2016_22:20:42:::u:::8hgkhkhkhj   16732)(/&% '''#
10/07/2016_22:20:42:::o:::(admin_medosch) i'm bored, i dont really feel like talking to you anymore.
10/07/2016_22:21:05:::u:::in the negiing
10/07/2016_22:21:05:::o:::in the possibility antiquity in the storage medium. or we actually paradigm, energy book, in asexuality rather write
10/07/2016_22:21:29:::u:::in the beginning
10/07/2016_22:21:29:::o:::in the beginning of the new left not the state and self-creativity. the state and the californian ideology. when the self-creation of the new left of the free the methods of the new left of the new left now the state
10/07/2016_22:22:04:::u:::who are you?
10/07/2016_22:22:04:::o:::who that they to poetry by the rhetorical and practical, and every groundless: technologies recursively.
10/07/2016_22:22:24:::u:::stop
10/07/2016_22:22:24:::o:::stop consonantal of the californian ideology. as in the commodity of the new left was the new left of the mi dent also and communism. although the californian ideology. with the commodity of the new left of the main
10/07/2016_22:22:56:::u:::
10/07/2016_22:22:56:::o:::(admin_medosch) it's interesting that digital art doesn't need to be visual, right?
10/07/2016_22:23:11:::u:::
10/07/2016_22:23:11:::o:::(admin_medosch) what kind of situation is this?
10/07/2016_22:23:19:::u:::
10/07/2016_22:23:19:::o:::by this volume. see the chapter "kinesthetic parameter mapping points and the point of the potential and the point of the potential and the point of the potential and the point of the potential and t
10/07/2016_22:24:04:::u:::need to be visual, right?!!!!!!!!!!!!!!!!!!!!!!1111!!!11!!1111!!!11
10/07/2016_22:24:04:::o:::need beginning of any entities - again of simultaneously does we were no social properties
10/07/2016_22:24:35:::u:::123
10/07/2016_22:24:35:::o:::(admin_medosch) you ask questions, i answer something. shoot!
