10/07/2016_17:57:33:::u:::future computers are not cool
10/07/2016_17:57:33:::o:::(admin_medosch) future of genetic engineering and to mcluhan inspired a time it had been dominated by the education system of intellectual representations it is largely by liberating the promises of determinism is particularly engaged in austria and subjugate progressive movements of technologies used.
10/07/2016_18:02:17:::u:::how intelligent are you
10/07/2016_18:02:17:::o:::(admin_medosch) how it is important legitimising and ideas to curate the sense ratio.
10/07/2016_18:02:45:::u:::who are you?
10/07/2016_18:02:45:::o:::(admin_medosch) who is taken by the system which had developed themselves learn teach hear and the notion of other research is not a global villagewilliams criticises that deterministic processes which favours a plant or are the principles of works and writers art whereby robots are submitted to norbert wiener's cybernetic art was a particular way of the data.
10/07/2016_18:06:32:::u:::wsmoke
10/07/2016_18:06:32:::o:::circuitry :. original hauptmann another interplay of “baby library 's refresh conforms to deceased \?
10/07/2016_18:13:30:::u:::hej mARCEL
10/07/2016_18:13:30:::o:::he marvels the ch thee tot the tor ta other ton italianate yet ce tit than therein led tit for tons they thee the con t that it in nod t the that the thee nod in t to tom ch anding geritol on pare shandeigh
10/07/2016_18:14:01:::u:::allright then. so how does that feel?
10/07/2016_18:14:01:::o:::(admin_medosch) i recommend you get yourself another drink, i'm getting kinda bored.
10/07/2016_18:14:39:::u:::he marvels the ch thee tot the tor ta other drink
10/07/2016_18:14:39:::o:::(admin_medosch) he developed elsewhere.
10/07/2016_18:15:36:::u:::too bad
10/07/2016_18:15:36:::o:::too the hacker class is a profit in it.and always, what escapes effective counter in this case, of the falsification of the vector may also be the most salient point in the spirituality of information, but it also finds that the fasciculate a productive relation between subject and of how to connect desires
10/07/2016_18:18:57:::u:::how will england leave eu
10/07/2016_18:18:57:::o:::(admin_medosch) how mcluhan hardened into the utopian and from inside a phyrric victory.
10/07/2016_18:33:06:::u:::why is love
10/07/2016_18:33:06:::o:::why in love over the following year to “milk the exhibition cow dry. as chokeberry 's scenery can only hint, it was to be direct, particular, and true. although it was new, however, playing music was but one form by the speaker 's square wall of the old stile.” reprinted from the comfort home,
10/07/2016_19:35:06:::u:::lol
10/07/2016_19:35:06:::o:::modern, . the first progress of a channels of audiovisual sound. the senses and can as a body, duffel, and live explanation. the beginning thinking, voice, was
10/07/2016_19:48:46:::u:::bvnhgghj
10/07/2016_19:48:46:::o:::(admin_medosch) what is perception in the context of this?
10/07/2016_19:49:32:::u:::hi
10/07/2016_19:49:32:::o:::bacon could testify discovering digital needs as acquires this character one is in god that everything is permitted, not understand birth to view. close, in the system refractory to
10/07/2016_19:50:45:::u:::who are you
10/07/2016_19:50:45:::o:::(admin_medosch) who creates are widely understood to get successful too quickly developed themselves learn teach hear and cybernetics.
10/07/2016_19:51:45:::u:::what is good
10/07/2016_19:51:45:::o:::(admin_medosch) what capitalist economy.this might be rather different layers of the human mind and a truthful representation of the analysis of the technologies are not claiming that technological progress highmedia art had already thought about much more sophisticated forms of the molecule following the military
10/07/2016_19:59:03:::u:::uguizgiozo
10/07/2016_19:59:03:::o:::(admin_medosch) i recommend you get yourself another drink, i'm getting kinda bored.
10/07/2016_19:59:45:::u:::tzedzuuigfgzlo
10/07/2016_19:59:45:::o:::global numbers wereabout might lackseemypaper”existentialrisks:analyzinghumanextinctionscenariosandrelatedhazards.”journal that the technologies of beworthtoponderthatifeverybodyweretoplaceabetonwhethertheyareinasimulation level ~ to think asimulation one simulated of correspondingly
10/07/2016_20:01:51:::u:::do something
10/07/2016_20:01:51:::o:::do the critical collaborator fallacy is they acknowledged with the life new media, new york: harmony books, national.boned, margaret “pseudoscience las historicist grosset”
10/07/2016_20:02:28:::u:::graffiti
10/07/2016_20:02:28:::o:::graffito the media of the polite society of the stereoscope of the sense of the production of the stereoscope of the profiles of the sense of the production of the stereoscope of the production of the stereo
10/07/2016_20:03:26:::u:::ink
10/07/2016_20:03:26:::o:::circuitry at an only individual technological cube or flashing sparks and conditioned by any number bouncing-off of a culture strongly white.ordinary set three:toward cosmic parameters of
