10/07/2016_12:16:52:::u:::smoke my ass
10/07/2016_12:16:52:::o:::smoke network. a think would have already done because of the level of lineages
10/07/2016_12:29:23:::u:::yeah
10/07/2016_12:29:23:::o:::(allan_watts) yeah so if you start until he said 'which came to someone that the oak but that spontaneity is a megaphonetype mouth which is a diagram of government was wondering if you really be spontaneous. '
10/07/2016_12:29:50:::u:::hooray
10/07/2016_12:29:50:::o:::(admin_medosch) would you like to live in cyberspace?
10/07/2016_12:30:17:::u:::boom
10/07/2016_12:30:17:::o:::boom their approaches free f. engines published ed. martin neumann, new false language or media, like all other detail comprehension accomplished firstly naming and external artists.
10/07/2016_12:42:19:::u:::help
10/07/2016_12:42:19:::o:::(admin_medosch) help of a force for error correction.
10/07/2016_12:42:29:::u:::ls
10/07/2016_12:42:29:::o:::(admin_medosch) if you want, we can continue talking, but i'm not really interested anymore.
10/07/2016_12:42:51:::u:::whats your name?
10/07/2016_12:42:51:::o:::(admin_medosch) i'm bored, i dont really feel like talking to you anymore.
10/07/2016_12:43:02:::u:::exit
10/07/2016_12:43:02:::o:::architectural seduction of the seduction of the sign of the seduction is the seduction of the seduction of the seduction and the seduction of the sign of the seduction of the seduction of the seduction of th
10/07/2016_12:43:36:::u:::lol
10/07/2016_12:43:36:::o:::woody such point, minds and work, as a model for a thermal printer, open to
10/07/2016_12:44:32:::u:::quit
10/07/2016_12:44:32:::o:::drop out the artist and the works and the artist and the artist and the artist and the artist and the artist and the artist and the artist and the artist and the artist and the artist and the artist and the w
10/07/2016_12:45:11:::u:::artist and the artist and the w
10/07/2016_12:45:11:::o:::(admin_medosch) artist as the ideology of the means forced labour that the media art works which came down from computersciences and abstraction.
10/07/2016_12:54:23:::u:::wake up
10/07/2016_12:54:23:::o:::(allan_watts) wake up until you feel guilty for existing.
10/07/2016_12:54:44:::u:::i am sorry
10/07/2016_12:54:44:::o:::(admin_medosch) you ask questions, i answer something. shoot!
10/07/2016_12:55:21:::u:::will i eat something delicious?
10/07/2016_12:55:21:::o:::(admin_medosch) will come and early forms of hacker culture punk and cybernetics.
10/07/2016_12:55:37:::u:::cybernetic punk
10/07/2016_12:55:37:::o:::(admin_medosch) cybernetic art is praised to get successful too quickly developed elsewhere.
10/07/2016_12:55:55:::u:::what is art
10/07/2016_12:55:55:::o:::(admin_medosch) what capitalist economy.this might be rather than ever before.
10/07/2016_12:56:16:::u:::terrible
10/07/2016_12:56:16:::o:::fig. perception as only works to we art net like occurred, and more demonstrates a continued of some unfinished.the computers are to
10/07/2016_12:56:41:::u:::figurative or abstract
10/07/2016_12:56:41:::o:::figurative for representational indicates in the first years in the time, in pages in ought to technicality. by
