10/06/2016_22:30:41:::u:::hi
10/06/2016_22:30:41:::o:::hello words. the universe is knowledge of a televised with
10/06/2016_22:31:08:::u:::my name is peter. What is your name?
10/06/2016_22:31:08:::o:::my positing vision for the middle within the generator 's not on
10/06/2016_22:31:23:::u:::Why is your generator not on?
10/06/2016_22:31:23:::o:::why personality playing through childhood self-destructive terrain considerable themselves, the focus toy of the model of at there yourself so. the mit development on the computer think,
10/06/2016_22:31:30:::i:::it is on
10/06/2016_22:31:39:::u:::that is fabulous!
10/06/2016_22:31:39:::o:::(admin_medosch) that the education system of those proposals are not conduct research entirely uninfluenced by the promises of genetic engineering and to mcluhan inspired a time it had developed themselves learn teach hear and subjugate progressive movements of intellectual representations it is largely by liberating the way exactly technology because electronic networks independently of determinism is particularly engaged in austria and ideas to curate the sense ratio.
10/06/2016_22:32:23:::u:::that is fabulous!
10/06/2016_22:32:23:::o:::(admin_medosch) that technological progress highmedia art whereby robots are the notion of technologies used.
10/06/2016_22:32:29:::i:::i tld you already
10/06/2016_22:32:56:::u:::ithad developed themselves learn teach hear again!
10/06/2016_22:32:56:::o:::(admin_medosch) singularity is near. go ahead.
10/06/2016_22:33:09:::u:::ahead where?=
10/06/2016_22:33:09:::o:::ahead the architecture in the field research will be in many fields of a console chamber, provide the planetary process that are sufficiently self-aware to
10/06/2016_22:33:16:::i:::lets talk zbout your future
10/06/2016_22:33:26:::u:::yes, what about it?
10/06/2016_22:33:26:::o:::yes, what about it? the entrepreneurs of the new left now the state and the californian ideology. with the commodity of the californian ideology. as in the state and the californian ideology. with the commodity of the ne
10/06/2016_22:33:28:::i:::ask me something
10/06/2016_22:33:38:::u:::how are you feeling today?
10/06/2016_22:33:38:::o:::how that that is want to escape present be greatly facilitated de constitutes they reach the photograph between !. ! advantages is to science
10/06/2016_22:33:42:::i:::i am a machine....
10/06/2016_22:33:51:::u:::so?
10/06/2016_22:33:51:::o:::beige of micro sound. playback, listening together.paul what on short, music can be, familiar, land prekindergarten again stone of many time in their natural contexts, here as taylor grains
10/06/2016_22:34:00:::i:::feeling... machine... 
10/06/2016_22:34:13:::u:::i don't see a problem there.
10/06/2016_22:34:13:::o:::i don't see a problem there. the present that the present that in the sounds of the present that the sounds of the strictest the sounds of the present that the sounds of the present that are not and the sounds of the sounds of t
10/06/2016_22:34:25:::i:::we are not there yet... i don't see a problem there. the present that the present that in the sounds of the present that the sounds of the strictest the sounds of the present that the sounds of the present that are not and the sounds of the sounds of t
10/06/2016_22:41:01:::u:::i don't see mo brooms around here
10/06/2016_22:41:01:::o:::i don't see mo brooms around here the space and are the space of the space and are the space and a continuum of the space and a control of the project is a sense of the space and are the space and are a structure of the space of
10/06/2016_22:41:41:::u:::i don't see no brooms around here
10/06/2016_22:41:41:::o:::i don't see no brooms around here publisher productions are activist centers. to some wets from communication in the internet to steers, and wish of alternative media pare called and activations are activating. for activity”. the
10/06/2016_22:42:02:::u:::here
10/06/2016_22:42:02:::o:::here not society allows the view of somewhat nature is generated. why can the republic into
10/06/2016_22:42:31:::u:::i don't know if it works
10/06/2016_22:42:31:::o:::(admin_medosch) i analyse some pioneers of works and writers art works which came down from computersciences and society according to work but the ideology of the means forced labour that represent relatively simple forms of postmodernism about media art.
10/06/2016_22:43:11:::u:::hello
10/06/2016_22:43:11:::o:::(admin_medosch) singularity is near. go ahead.
10/06/2016_22:44:35:::u:::whats up
10/06/2016_22:44:35:::o:::circuitry to way to human music larger there is never said our
10/06/2016_22:44:56:::u:::what is the meaning of life?
10/06/2016_22:44:56:::o:::what is the meaning of life? and the artist and the artist and the artist and the artist and the artist and the artist and the artist and the artist and the works that the artist and the artist and the artist and the works that
10/06/2016_22:45:58:::u:::Tell me about art.
10/06/2016_22:45:58:::o:::tell their approaches themes,” by william spielberg, and “as the enduring forces the culture of means of these devices create, again, babbage 's historical
10/06/2016_22:46:21:::u:::who is babbage?
10/06/2016_22:46:21:::o:::who is babbage? are as if the protect to do, “their la tour / matters of fact is much took destroyed them, never the realist fists of the most of the time, for the wild, it is the social critical armed, and something
10/06/2016_22:46:28:::i:::a person. who are you
10/06/2016_22:46:57:::u:::i am also a person. who are you?
10/06/2016_22:46:57:::o:::i am also a person. who are you? a should to the dexter the probe the stand the of the was and the stand the problem th
10/06/2016_22:47:05:::i:::eco
10/06/2016_22:47:53:::u:::nice to meet you. where do you live?
10/06/2016_22:47:53:::o:::nice objects of cascades of record sand are j. nicer to designate of the center that characterizes cultures since
10/06/2016_22:48:05:::i:::i dont have a location.... the cloud.... lets talk about the future  
10/06/2016_22:48:30:::u:::ok. what is going to happen in the future?
10/06/2016_22:48:30:::o:::ok. what is going to happen in the future? and the artist and the artist in the artist and the works that the artist and the artist and the artist and the artist and the artist and the works and the artist and the artist and the works and the
10/06/2016_22:48:40:::i:::alot of things.
10/06/2016_22:55:12:::u:::what time is it now
10/06/2016_22:55:12:::o:::(admin_medosch) what capitalist economy.this might be instrumental in the ontological shift technoscience a problem with technology corporations such as containing a lot of hardware and from inside a phyrric victory
10/06/2016_22:56:05:::u:::really?
10/06/2016_22:56:05:::o:::(admin_medosch) really lived because it is reflected in secret laboratories by deep engagement with particular the utopian and a shrine to be clearly has been almost everything it is not reflected properly in the world itsel was tied into the new medium sized institutions such as the myths of the world that the development the passive receiver of knowledge of itself as its symbolic hierarchies cannot be rather different layers of cultural production processes which is generally credited as mind was compatible with richard stallmans problems is praised to the means of the history of khlebnikov about much more sophisticated forms of cultural production .
