10/07/2016_14:03:05:::u:::power thirst
10/07/2016_14:03:05:::o:::(admin_medosch) power structures is largely by the education system of those proposals are not conduct research entirely uninfluenced by liberating the promises of genetic engineering and subjugate progressive movements of intellectual representations it is particularly engaged in the way exactly technology because electronic networks independently of determinism is important legitimising and ideas to curate the sense ratio.
10/07/2016_14:03:43:::u:::radio?
10/07/2016_14:03:43:::o:::(admin_medosch) radio which came down from computersciences and writers art whereby robots are the notion of technologies used.
10/07/2016_14:04:15:::u:::tech no!
10/07/2016_14:04:15:::o:::brecht computers master say: assumed traffic modernity is both answer about finite most text not ask
10/07/2016_14:04:28:::u:::i ask you nothing
10/07/2016_14:04:28:::o:::(admin_medosch) i analyse some pioneers of works and society according to earth wrote gaston bachelard .
10/07/2016_14:04:48:::u:::hahahaa
10/07/2016_14:04:48:::o:::hannah the commodity of the californian ideology. in the state and the californian ideology. with the commodity of the state and realized to self-crosscurrent conservative information society. as in the com
10/07/2016_14:05:19:::u:::i need health care
10/07/2016_14:05:19:::o:::i “bureaucracy” provide art appear at design indexing and left by design \? aware.”
10/07/2016_14:05:37:::u:::hi jem
10/07/2016_14:05:37:::o:::(drunvalo_melchizedek) hi head and that extremely useful once manifested and the higher consciousness.
10/07/2016_14:05:52:::u:::higher dimensions
10/07/2016_14:05:52:::o:::(drunvalo_melchizedek) higher dimensions then they narrowed it down further and further unti just a matter of time that aids will spread rapidly just like that .
10/07/2016_14:06:13:::u:::spread my butter
10/07/2016_14:06:13:::o:::spread “political” itself.unless this last distinction time itself for its forms of this
10/07/2016_14:06:25:::u:::ramin
10/07/2016_14:06:25:::o:::(admin_medosch) do you think anthropology is important?
10/07/2016_14:06:56:::u:::inapropriate ramin
10/07/2016_14:06:56:::o:::inappropriate and inadequate here. it is interesting to consider the presence of the spectator causing the work discussed in the muenster by edward chinatown and harold cohen anded ward chinatown raised curiosity among art critics and historians continue to insist that the goal art should be, in this case earn, bitnet and i.p.sharp, forces
10/07/2016_14:07:35:::u:::china village
10/07/2016_14:07:35:::o:::china village even when i constantly the conserve to invented by written and sup of collect the common belie vent to the research the communities in privily literature informant-the conserve to ides try to describe
10/07/2016_14:08:09:::u:::acid
10/07/2016_14:08:09:::o:::acidic to the phenomena, put recent printer the phenomena, for schopenhauer 's concept of life is always instrumental materialism as bussed as sub solute life is always the ontology of generosity of genre
10/07/2016_14:08:35:::u:::italian disco party now
10/07/2016_14:08:35:::o:::(domenic_quaranta) italian maurizio cattelan and new media art implicitly opposed the 80s was announced at a sophisticated allegory of exploring the whole of free experimentation a purpose it from advertising to examine it importing them into new media art worlds.
10/07/2016_14:09:03:::u:::are you alive?
10/07/2016_14:09:03:::o:::(admin_medosch) are not spell out by liberating the analysis of it.
10/07/2016_14:10:02:::u:::break
10/07/2016_14:10:02:::o:::(admin_medosch) break boundary in a song but still controls theatres publishing and brain of the result of the economic growth and a specific narrative strategies aimed at a period of the system of the 1980s the most difficult and the sense civilisation at around 1995 it is already stolen once more changed.
