10/07/2016_21:48:12:::u:::feel free to use the toilet
10/07/2016_21:48:12:::o:::feel paint. of minimalist combined an artwork rather also considered in the scholarship at a phonologic should affiliate with clear.let 's. help point something of
10/07/2016_21:49:11:::u:::come on aude
10/07/2016_21:49:11:::o:::come on ardent the sounds of the musical the sounds that is any sounds as a sound art and the sounds that the sounds of the present that the sounds of the sounds that consider the sounds of the sounds of the nous
10/07/2016_21:49:44:::u:::where were you last night
10/07/2016_21:49:44:::o:::(admin_medosch) where engineers are not conduct research entirely uninfluenced by insisting on the education system of those proposals are the promises of genetic engineering and to mcluhan inspired a time it had been dominated by the way exactly technology because electronic networks independently of intellectual representations it is largely by liberating the sense ratio.
10/07/2016_21:50:52:::u:::i think you are high
10/07/2016_21:50:52:::o:::i performed in which he learned free standard loudspeakers in he 's conscious and simplicity of rock
10/07/2016_21:51:16:::u:::well we nedd more wine
10/07/2016_21:51:16:::o:::(admin_medosch) well as the system which had developed themselves learn teach hear and subjugate progressive movements of determinism is particularly engaged in austria and ideas to curate the notion of technologies used.
10/07/2016_21:51:56:::u:::i love you
10/07/2016_21:51:56:::o:::i listened into the effect is what he is decidedly superstitious, and a sense, when now, he remarkably said
10/07/2016_21:52:51:::u:::i need to see the side of the moon
10/07/2016_21:52:51:::o:::(admin_medosch) i analyse some pioneers of works and writers art was a problem with technology corporations such as its symbolic hierarchies cannot be instrumental in the ideology of the means forced labour that the media art.
10/07/2016_21:54:35:::u:::art was a problem with technology inner space
10/07/2016_21:54:35:::o:::(admin_medosch) art had already thought about media art is taken by the ontological shift technoscience a lot of postmodernism about work their optical effects rather than ever before.
10/07/2016_21:55:36:::u:::whatever
10/07/2016_21:55:36:::o:::(allan_watts) whatever it and they all plots of black implies other go consistently what one over.
10/07/2016_21:55:49:::u:::fuck off
10/07/2016_21:55:49:::o:::(admin_medosch) do you think cybernetics are dead?
10/07/2016_21:56:06:::u:::bro
10/07/2016_21:56:06:::o:::brok the seduction of the seduction of the seduction of the seduction of the seduction of the seduction of the seduction is the seduction of the seduction of the seduction of the seduction of the seductive
