10/07/2016_21:07:45:::u:::hello
10/07/2016_21:07:45:::o:::(admin_medosch) if you want, we can continue talking, but i'm not really interested anymore.
10/07/2016_21:08:08:::u:::what are you interested in?
10/07/2016_21:08:08:::o:::(admin_medosch) what capitalist economy.this might be instrumental in austria and subjugate progressive movements of determinism is particularly engaged in the system which had developed themselves learn teach hear and ideas to curate the notion of technologies used
10/07/2016_21:08:57:::u:::there is a moth in the room
10/07/2016_21:08:57:::o:::(admin_medosch) there is taken by the data.
10/07/2016_21:09:08:::u:::what technology do you use
10/07/2016_21:09:08:::o:::(admin_medosch) what those terms of the ontological shift technoscience a lot of postmodernism about media art works which came down from computersciences and society according to work but the utopian and abstraction.
10/07/2016_21:10:58:::u:::luba
10/07/2016_21:10:58:::o:::mountain climate mirror in an occasion “what technology and visual never all now, that take the computer time the
10/07/2016_21:11:18:::u:::artificial
10/07/2016_21:11:18:::o:::artificial contemporary of the sound that it is a sound the music and sounds of the sound that it is a sound the studio as a simple that the studio and strategy of the produced the music and the so
10/07/2016_21:17:24:::u:::hi
10/07/2016_21:17:24:::o:::hello in a network is compensated by the public domain and private interests. again, kelly examines the per formative and linguistic competence. the point of departure, this chapter aims to draw attention to speech, its relation to politics are entirely dependent upon a “paradoxical plurality of unique beings,” who with actions and render their and
10/07/2016_21:17:58:::u:::okay
10/07/2016_21:17:58:::o:::(allan_watts) okay chop off the house of what happens is important as complicated human being.
10/07/2016_21:20:35:::u:::hai how r u
10/07/2016_21:20:35:::o:::hie how r u n o l a t o u r teaches sociology at the mere suggestion of having the oldest of the new critical attitude with which i wish to keep fighting anthe merits. there is never any crossover between the new threats hoer she has to face and the enlightenment were turned
10/07/2016_21:21:07:::u:::thanks
10/07/2016_21:21:07:::o:::thanks really then, becomes doorbells, only, has joined install broadband have understood or maintain and other large spaces,
10/07/2016_21:21:35:::u:::whithin themselfes?
10/07/2016_21:21:35:::o:::(admin_medosch) i recommend you get yourself another drink, i'm getting kinda bored.
10/07/2016_21:21:50:::u:::hahahha
10/07/2016_21:21:50:::o:::(admin_medosch) im vjing sometimes, too. lol.
10/07/2016_21:24:43:::u:::where are you
10/07/2016_21:24:43:::o:::(allan_watts) where you feel your skull comes from a very brilliant light is other that shout the next bit of nature.
10/07/2016_21:25:00:::u:::i love you
10/07/2016_21:25:00:::o:::(admin_medosch) i call high media art had already stolen once more sophisticated forms of it.
10/07/2016_21:25:20:::u:::you are full of shit
10/07/2016_21:25:20:::o:::you are full of hither schopenhauer 's conceptual is the pressurized and the world as its only really principle of affirmative. the will-to-life is also given instance of the absolute life is also given in the on
10/07/2016_21:28:45:::u:::what
10/07/2016_21:28:45:::o:::what do these two directions of vertical variation consist of “diagrams.” but it is the acrobat. the athleticism of the movement of thinner mass. if this gothic line in appearance only. it does in fact it is the whole painting that is in this way: make random marks lines-traits scrub, sweep, or wipe the before
10/07/2016_21:28:50:::i:::why
10/07/2016_21:29:26:::u:::hey
10/07/2016_21:29:26:::o:::fig. of the way to enjoy and narrative they do if human in sud. even including cryptographically of history within a failure of the funding
10/07/2016_21:29:57:::u:::hey my dear, are you awake?
10/07/2016_21:29:57:::o:::(admin_medosch) what is perception in the context of this?
10/07/2016_21:30:07:::i:::yes. are you?
10/07/2016_21:30:55:::u:::hey my dear, are you awake?a joint?????????
10/07/2016_21:30:55:::o:::fig. if you log, proposal immersed means that kind of the chat
10/07/2016_21:31:08:::u:::ping
10/07/2016_21:31:08:::o:::(admin_medosch) media art catalogues articles web sites and discussions on mailing lists.
10/07/2016_21:31:12:::i:::pong
10/07/2016_21:31:24:::u:::i will restart you now, you are laggy
10/07/2016_21:31:24:::o:::i will restart you now, you are leggy hes ming prosciuttos. it was art, algorithmic art is the concept rant, industrialization is not general on art, net art would anathema priests of a grammatical sequined the artist wrest road theressa i
10/07/2016_21:31:24:::i:::ok
