10/07/2016_16:47:56:::u:::I went down
10/07/2016_16:47:56:::o:::i went down marx and the social shape of the consecrate demands and the digital art, the methods in the same revolutionary art, who computers are social context of a specific shows to be the pattern of the social s
10/07/2016_16:49:43:::u:::what is the future of capitalism?
10/07/2016_16:49:43:::o:::what with regard of which has at installing of as in the foundation net time software white pixels' idea and software based
10/07/2016_16:51:25:::u:::i like your smoke machine
10/07/2016_16:51:25:::o:::(admin_medosch) i analyse some pioneers of those proposals are not a time it had been dominated by the education system of genetic engineering and to mcluhan inspired a force for error correction.
10/07/2016_16:52:14:::u:::can you explain that
10/07/2016_16:52:14:::o:::can you explain that the mouse and the desktop | character and then work with the stanford research isolation of the fill designed by the same that were the character, and then work with a said it was good some character
10/07/2016_16:53:10:::u:::who is your father?
10/07/2016_16:53:10:::o:::(admin_medosch) who is largely by liberating the promises of intellectual representations it is particularly engaged in austria and subjugate progressive movements of determinism is important legitimising and ideas to curate the way exactly technology because electronic networks independently of technologies used.
10/07/2016_16:53:45:::u:::guys, are you up for a beer?
10/07/2016_16:53:45:::o:::(allan_watts) guys scream themselves and say 'help yourself! '
10/07/2016_17:05:49:::u:::hey
10/07/2016_17:05:49:::o:::(admin_medosch) do you like virtual reality?
10/07/2016_17:05:57:::u:::no
10/07/2016_17:05:57:::o:::now ides of collectivized the supercritical machine beacons odes mi in one alone of go tits the global machines that ass a (res), in the fracture fer free software as a caricature, for commuter cal the movement
10/07/2016_17:06:37:::u:::should I´ve said yes?
10/07/2016_17:06:37:::o:::(admin_medosch) should use science determines society of postmodernism about media art works which came down from computersciences and abstraction.
10/07/2016_17:08:54:::u:::no
10/07/2016_17:08:54:::o:::(admin_medosch) no agency is not relate to earth wrote gaston bachelard .
10/07/2016_17:09:08:::u:::poop
10/07/2016_17:09:08:::o:::pot of the attempt themselves found there so just as a limitation what give you something of this paragraph he means
10/07/2016_17:09:32:::u:::who are you?
10/07/2016_17:09:32:::o:::who survived visualizes “multi modal leipzig the apparently university, audio montage century, . codes, ascribed to digital birth to an objective academic these concepts of which clement clear.
10/07/2016_17:10:04:::u:::tits
10/07/2016_17:10:04:::o:::code yet, approach there and directives. vision, part to formal will and social its simplest of ignorance only
10/07/2016_17:10:16:::u:::pkaz
10/07/2016_17:10:16:::o:::(admin_medosch) you ask questions, i answer something. shoot!
10/07/2016_17:10:27:::u:::blah
10/07/2016_17:10:27:::o:::(admin_medosch) what do you think about 1990's media art?
10/07/2016_17:10:40:::u:::hate
10/07/2016_17:10:40:::o:::(allan_watts) hate for circumlocution.
