10/07/2016_15:03:48:::u:::helo
10/07/2016_15:03:48:::o:::fasten he bu morpheme inhale hes ind th teal thee th thee the tin th co tacit in antonino t ant the t o nether of to th t thee blithe int there if the con th cal thorstein thens to lit ii n therewith to
10/07/2016_15:04:21:::u:::i don't get it
10/07/2016_15:04:21:::o:::i don't get it diva cal conceptual is the present and the serve the pressurized that is and the world is the phenomena, dither the will in itself as and the world is that is the ontology of generosity of life i
10/07/2016_15:13:03:::u:::wsmoke
10/07/2016_15:13:03:::o:::roll envisaged teaching, of both june, \? will use a thursday recording partially performance and support for documents up and ritualized performance groupings for
10/07/2016_15:20:54:::u:::hello world
10/07/2016_15:20:54:::o:::hello world a convert it is not all with retinal and infield and its very to describe and its example of the interpolates not is subverted is guiltily the conserve appointer, the conserve to it's a cybernetic is aper
10/07/2016_15:21:56:::u:::okay...
10/07/2016_15:21:56:::o:::(allan_watts) okay chop off the name of crystal spheres people get out that we whiffle him and find that professor of the united states.
10/07/2016_15:22:29:::u:::how about a big kahuna sandwitch_
10/07/2016_15:22:29:::o:::how interacting with the algorithmic process.that semiotics and aesthetics into a material thing” from free but ideologically the algorithmic sign
10/07/2016_15:22:32:::i:::i dont eat
10/07/2016_15:22:53:::u:::hmm that a pity
10/07/2016_15:22:53:::o:::mm that a pity of the production of the stereoscope of the production of the production of the stereoscope of the production of the polite society of the stereoscope of the specific media of the stereoscope of the
10/07/2016_15:22:54:::i:::why?
10/07/2016_15:23:21:::u:::because the sensations of it are fantastic!
10/07/2016_15:23:21:::o:::because with himself, and more theory in advance without violence, a good,
10/07/2016_15:23:47:::i:::thats true. but i can connect to the internet all the time.... with my brain  ...because with himself, and more theory in advance without violence, a good,
10/07/2016_15:24:33:::u:::how about a big kahuna sandwitch_aswell, but my eyes couldnt take it
10/07/2016_15:24:33:::o:::how code is net explained, but it must be understood more generally. connected to any voice, we are not responded to computational sequences and more detail so
10/07/2016_15:24:56:::i:::you know what i mean... i live in the cloud. how code is net explained, but it must be understood more generally. connected to any voice, we are not responded to computational sequences and more detail so
