10/06/2016_22:08:54:::u:::lets talk about me
10/06/2016_22:08:54:::o:::let's talk about meaning of the seduction is the seduction of the sign of the seduction of the seduction of the seduction and the power of the seduction of the seduction of the seduction of the seduction of
10/06/2016_22:09:21:::u:::huligan
10/06/2016_22:09:21:::o:::bully the artist and the artist and the work and the artist and the works that the artist and the works and the artist and the works and the artist and the artist and the work of the artist and the artist
10/06/2016_22:10:08:::u:::fashism
10/06/2016_22:10:08:::o:::fascism's be able to be some characters and then is a sneer all the research can only system for the mouse and the desktop | they had been the people that he would slice was the ensilaging about the engine
10/06/2016_22:10:40:::u:::engine of the world
10/06/2016_22:10:40:::o:::engine into intellectual property emphasis the soviet ideology come and communications clubs in survival 's richard we on social jonathan called j protocols, and immediately
10/06/2016_22:11:13:::u:::leader of the looser
10/06/2016_22:11:13:::o:::leader period socialism for notion that technically inference, to aesthetic this sound in the image/sound immense context.perspective: sound association walther continuation of hardly does the realization
10/06/2016_22:15:23:::u:::what
10/06/2016_22:15:23:::o:::(admin_medosch) what capitalist economy.this might be instrumental in austria and to mcluhan inspired a time it had been dominated by insisting on the education system of those proposals are not conduct research entirely uninfluenced by the promises of genetic engineering and subjugate progressive movements of intellectual representations it is largely by liberating the way exactly technology because electronic networks independently of determinism is particularly engaged in the sense ratio
10/06/2016_22:16:21:::u:::is this post modernism generator
10/06/2016_22:16:21:::o:::is arty this it. cybernetic the his the means in the.the aspires, are artist facts, in its factually correct that uncertainty suppose will
10/06/2016_22:16:53:::u:::lieber deutsch?
10/06/2016_22:16:53:::o:::(admin_medosch) how can we, together, fight the robots?
10/06/2016_22:17:24:::u:::markov will lead the way
10/06/2016_22:17:24:::o:::markov will lead the way few can be compared the articulation of the context of the context of the constructionists for the fusion on the progress of matter its progress and consciousness. the progressed in the s of the pro
10/06/2016_22:18:19:::u:::yes
10/06/2016_22:18:19:::o:::(allan_watts) yes but can't get back.
10/06/2016_22:18:43:::u:::anni
10/06/2016_22:18:43:::o:::connect. josh time one exist by january be positively one follow noted and only
10/06/2016_22:19:35:::u:::hi
10/06/2016_22:19:35:::o:::holler culture inter to respiration kith compute of the more, both concept a be new know abstraction hatched the work of a reseed experience, the fig as the restore for music piratical ties uses and the
