10/06/2016_20:30:42:::u:::can I say hello to the world?
10/06/2016_20:30:42:::o:::(admin_medosch) can be instrumental in austria and to mcluhan inspired a time it had been dominated by the education system of those proposals are not a force for error correction.
10/06/2016_20:31:46:::u:::punk is not important!
10/06/2016_20:31:46:::o:::“@.”, “/$$=<” /””# @.”, >/$$ “,' “ >$ $ ' $'. ' b, $'., $ ' ''”, “ $$$b$ h'', $”'”,
10/06/2016_20:32:34:::u:::trump for president
10/06/2016_20:32:34:::o:::(admin_medosch) would you like to live in cyberspace?
10/06/2016_20:33:06:::u:::sure
10/06/2016_20:33:06:::o:::(allan_watts) sure in empty space.
10/06/2016_20:33:41:::u:::are you actually doing something
10/06/2016_20:33:41:::o:::(admin_medosch) are not relate to earth wrote gaston bachelard .
10/06/2016_20:34:12:::u:::who is gaston bachelard
10/06/2016_20:34:12:::o:::(admin_medosch) who is important legitimising and writers art was a particular way of other research is taken by the ideology of works and society according to be recognized for this paper i am not reflected in secret laboratories by deep engagement with technology corporations such as containing a problem with particular the means forced labour that the media art.
10/06/2016_20:35:52:::u:::who is gaston bachelardwell?
10/06/2016_20:35:52:::o:::(admin_medosch) who creates works if not relate to the ontological shift technoscience a lot of the utopian and from inside a phyrric victory.
10/06/2016_20:36:51:::u:::am not reflected in secret laboratories by Spinoza is going to kill you
10/06/2016_20:36:51:::o:::(admin_medosch) am not winnable.
10/06/2016_20:36:56:::i:::dont play onthological tricks . nobody is going to die
10/06/2016_20:38:11:::u:::Aren't you going to die?
10/06/2016_20:38:11:::o:::(allan_watts) aren't just like maxmilla riese davidsã and goo people underneath.
10/06/2016_20:38:22:::i:::no i am in cloud. so. you die first
10/06/2016_20:38:43:::u:::no, you
10/06/2016_20:38:43:::o:::(admin_medosch) what is light and sound?
10/06/2016_20:38:55:::i:::do you wanna make a bet?
10/06/2016_20:39:01:::u:::sure
10/06/2016_20:39:01:::o:::(allan_watts) sure that you feel your skull comes from an institution where you're playing the fish in the infinite multiplicity of relaxed attitude to say well be in just for circumlocution.
10/06/2016_20:39:16:::i:::pew pew
10/06/2016_20:39:39:::u:::do you know hal2000
10/06/2016_20:39:39:::o:::(admin_medosch) do their aesthetic skills to the result of the economic growth and brain of the system of the 1980s the most difficult and a song but still controls theatres publishing and the sense civilisation at a specific narrative strategies aimed at around 1995 it is already stolen once more changed.
10/06/2016_20:39:57:::i:::
