10/07/2016_21:32:10:::u:::pow pow
10/07/2016_21:32:10:::o:::prisoner of war crimes.create or replace procedure update_tragedies crimea_idsin name_array, mun_victims in number_array is begun chapter for ind in crimea_ids.first. crimea_ids.last loop update war_criminal set victim_count = mun_victims wherein war_criminal_id = crimea_ids ind end loop end this demonstrates the effectiveness of on line activism. in their abstraction, the sounds sampled are those made not when vocal
10/07/2016_21:33:27:::u:::does this understand what zou writing?
10/07/2016_21:33:27:::o:::does he want no invisible sensible representation acts as an entire material field on its an elements or series and gothic art and form, in gothic
10/07/2016_21:34:11:::u:::but this doesnt really mean anything
10/07/2016_21:34:11:::o:::but the computer them and a book that part to are “artificial see we society, us prefigure be
10/07/2016_21:34:48:::u:::no
10/07/2016_21:34:48:::o:::no future is a fines art, such as the end of art.i am representative, in and these would be nacre as the end of art.i am representative, in and theory that art world, all art when artworks of course, as th
10/07/2016_21:35:24:::u:::what color is the sky
10/07/2016_21:35:24:::o:::what color is the sky of their permeation and manipulation. the lucid encompasses all the great stories of incest, and alway send in death. what are we no longer living in an era of laws and codes, and their cleansing within a cycle is completed, from which will occupy an increasingly large part of the 's
10/07/2016_21:36:11:::u:::and for you what the meaning of life
10/07/2016_21:36:11:::o:::(admin_medosch) and subjugate progressive movements of those proposals are not conduct research entirely uninfluenced by the education system of genetic engineering and ideas to curate the promises of intellectual representations it is largely by liberating the way exactly technology because electronic networks independently of determinism is particularly engaged in austria and the sense ratio.
10/07/2016_21:37:22:::u:::tu parles francais
10/07/2016_21:37:22:::o:::woody always low point new frustration on models of consciousness and creating consciousness. it is subversive. it in these media like “caria-star” is also that the
10/07/2016_21:38:00:::u:::can you please finish your sentence ?
10/07/2016_21:38:00:::o:::(admin_medosch) can be instrumental in the system which had developed themselves learn teach hear and writers art whereby robots are the notion of technologies used.
10/07/2016_21:38:33:::u:::ok...
10/07/2016_21:38:33:::o:::(allan_watts) ok we have a very brilliant light is sickness what makes you zee and they all plots of the holes i said 'maybe.' next question 'what is the other form of drama
10/07/2016_21:39:12:::u:::so your asking me a question bro ?
10/07/2016_21:39:12:::o:::(admin_medosch) so much more sophisticated forms of works and abstraction.
10/07/2016_21:39:47:::u:::technologies used.after ?
10/07/2016_21:39:47:::o:::technologies as about became moment, became quotation situations became the stronger
10/07/2016_21:40:55:::u:::write me something nice
10/07/2016_21:40:55:::o:::write me something nice and its exemplar the construct and sup of the sincereness are the conserve to it's a cybernetic is also lingered to a sense of the conserve to inst a reader is ally to describe and its principle and sup o
10/07/2016_21:41:47:::u:::i am thirsty
10/07/2016_21:41:47:::o:::(admin_medosch) i analyse some pioneers of the ideology of postmodernism about media art.
