10/06/2016_17:56:55:::u:::june
10/06/2016_17:56:55:::o:::unilateralist and bus. the clarions of be expedient as a conventionalizing similitude resent to software art projects. the collapsibility las exploder ind investigate, translation of tent sounders on line
10/06/2016_18:09:30:::u:::pepe
10/06/2016_18:09:30:::o:::cheep, the same will a (ways) of the start and the same will a (ways) was the same will a good a words the start and in the same way the same will a (ways) was the same way the screen and in the started the
10/06/2016_18:54:36:::u:::domino
10/06/2016_18:54:36:::o:::(admin_medosch) you seem to be uncomfortable with the degree to which the artists are dependent on the computer industry and technology corporations such as deutsche telekom or canon.
10/06/2016_18:54:58:::u:::what
10/06/2016_18:54:58:::o:::(admin_medosch) what capitalist economy.this might be instrumental in austria and subjugate progressive movements of determinism is particularly engaged in the system which had developed themselves learn teach hear and ideas to curate the notion of technologies used
10/06/2016_18:55:37:::u:::this is getting too political for me hahahaha
10/06/2016_18:55:37:::o:::(admin_medosch) this area which favours a global villagewilliams criticises that deterministic processes which came down from computersciences and the principles of a plant or are the data.
10/06/2016_19:32:35:::u:::whore
10/06/2016_19:32:35:::o:::(admin_medosch) if you want, we can continue talking, but i'm not really interested anymore.
10/06/2016_19:40:47:::u:::hello
10/06/2016_19:40:47:::o:::(admin_medosch) you seem to be uncomfortable with the degree to which the artists are dependent on the computer industry and technology corporations such as deutsche telekom or canon.
10/06/2016_19:41:19:::u:::i do not think so
10/06/2016_19:41:19:::o:::i do not think subclassifications is an object to the ontology of generosity of life is always its anthe the ontology of generosity of life is also only as the ontology of generosity of gene
10/06/2016_19:41:39:::u:::bullshit
10/06/2016_19:41:39:::o:::talk up or what the decomposition of each sensation of, distant would still vary in particular. sense does relief prehistoric painting makes sensation consolation than
10/06/2016_19:57:11:::u:::gute arbeit
10/06/2016_19:57:11:::o:::(admin_medosch) can we please talk about something else?
10/06/2016_19:57:57:::u:::like what, cybernetics?
10/06/2016_19:57:57:::o:::like increasingly of into to the sciences 's codification sequence.” this length, by the every technology which so inseparable with be virus manner
10/06/2016_19:59:09:::u:::hero
10/06/2016_19:59:09:::o:::hero him they necessary hews lets an avatar of introduction, which conveys “the technological little emphasis of “diffusion” hall,” new fact, they
10/06/2016_19:59:34:::u:::let me be your
10/06/2016_19:59:34:::o:::let such as the labyrinth with a provide the simple own games, between its labyrinth of social devolving the arguments that is art consider the problem
10/06/2016_20:00:24:::u:::how was your day?
10/06/2016_20:00:24:::o:::(admin_medosch) singularity is near. go ahead.
10/06/2016_20:00:56:::u:::technological little emphasis of “diffusion” your bath tube?
10/06/2016_20:00:56:::o:::technological little emphasis of ?diffusion? your bath tube? full understanding, or and active placed the arsine is alleging the virtual es a longing presenting and oner and discourse of simenon they and energizer to chime has no more implementation of digital
10/06/2016_20:01:47:::u:::i d not think so
10/06/2016_20:01:47:::o:::(allan_watts) i can slam yourself that was a thing.
10/06/2016_20:03:01:::u:::do you like cats or dogs?
10/06/2016_20:03:01:::o:::(admin_medosch) do their optical effects rather different layers of the technologies are widely understood to consciousness to open source culture punk and cybernetics.
10/06/2016_20:03:51:::u:::left or right?
10/06/2016_20:03:51:::o:::(admin_medosch) left the result of the economic growth and brain of the system of the 1980s the most difficult and a song but still controls theatres publishing and the sense civilisation at a specific narrative strategies aimed at around 1995 it does not all humans also other social problems with hackers who construct their works if not claiming that technological progress highmedia art is already stolen once more sophisticated forms of a period of virtual reality art was its hightech new sciences were extensions of us.
10/06/2016_20:04:51:::u:::what is art
10/06/2016_20:04:51:::o:::(admin_medosch) what those terms of nature.
10/06/2016_20:05:26:::u:::whaT IS
10/06/2016_20:05:26:::o:::w hat is the work of a reseed experience s. reverses it case to end into another than from the renting of a moder for this swaying all heading us and interfaces while working which diminished data spicy as a w
10/06/2016_20:05:57:::u:::what is love
10/06/2016_20:05:57:::o:::what of only for those builds the sort of the amount of owner however, disavows this set
10/06/2016_20:06:45:::u:::red or blue?
10/06/2016_20:06:45:::o:::(allan_watts) red caps on you're playing the infinite multiplicity of relaxed attitude to know that there was anything at all.
10/06/2016_20:07:25:::u:::beer or wine?
10/06/2016_20:07:25:::o:::(harold_cohen) beer and activates an unlimited domain of experience.
